2025-04-16 18:45:54,018 - INFO - isValidUserName() called with: 
2025-04-16 18:45:54,018 - INFO - isValidUserName result: False
2025-04-16 18:45:54,018 - INFO - isValidPasswordName() called with: 456
2025-04-16 18:45:54,018 - INFO - checkIfValidSecret() called with: token123
2025-04-16 18:45:54,019 - INFO - checkIfValidSecret result: True
2025-04-16 18:45:54,019 - INFO - checkIfWeirdYAML() called with: None
2025-04-16 18:45:54,019 - ERROR - Exception in checkIfWeirdYAML: argument of type 'NoneType' is not iterable
2025-04-16 18:45:54,019 - INFO - checkIfValidHelm() called with: services.yaml
2025-04-16 18:45:54,019 - INFO - checkIfValidHelm result: False
2025-04-16 18:45:54,019 - INFO - isValidUserName() called with: 
2025-04-16 18:45:54,020 - INFO - isValidUserName result: False
2025-04-16 18:45:54,020 - INFO - isValidPasswordName() called with: None
2025-04-16 18:45:54,021 - INFO - checkIfValidSecret() called with:  
2025-04-16 18:45:54,021 - INFO - checkIfValidSecret result: False
2025-04-16 18:45:54,021 - INFO - checkIfWeirdYAML() called with: /my/app/config.yaml
2025-04-16 18:45:54,021 - INFO - checkIfWeirdYAML result: False
2025-04-16 18:45:54,021 - INFO - checkIfValidHelm() called with: services.yaml
2025-04-16 18:45:54,021 - INFO - checkIfValidHelm result: False
2025-04-16 18:45:54,022 - INFO - isValidUserName() called with: 123
2025-04-16 18:45:54,022 - INFO - isValidPasswordName() called with: gHRmkLTVLp
2025-04-16 18:45:54,022 - INFO - isValidPasswordName result: False
2025-04-16 18:45:54,022 - INFO - checkIfValidSecret() called with: 
2025-04-16 18:45:54,022 - INFO - checkIfValidSecret result: False
2025-04-16 18:45:54,022 - INFO - checkIfWeirdYAML() called with: None
2025-04-16 18:45:54,022 - ERROR - Exception in checkIfWeirdYAML: argument of type 'NoneType' is not iterable
2025-04-16 18:45:54,022 - INFO - checkIfValidHelm() called with: script.py
2025-04-16 18:45:54,022 - INFO - checkIfValidHelm result: False
2025-04-16 18:45:54,023 - INFO - isValidUserName() called with: None
2025-04-16 18:45:54,023 - INFO - isValidPasswordName() called with: []
2025-04-16 18:45:54,023 - INFO - checkIfValidSecret() called with: token123
2025-04-16 18:45:54,023 - INFO - checkIfValidSecret result: True
2025-04-16 18:45:54,023 - INFO - checkIfWeirdYAML() called with: 12345
2025-04-16 18:45:54,023 - ERROR - Exception in checkIfWeirdYAML: argument of type 'int' is not iterable
2025-04-16 18:45:54,023 - INFO - checkIfValidHelm() called with: script.py
2025-04-16 18:45:54,023 - INFO - checkIfValidHelm result: False
2025-04-16 18:45:54,023 - INFO - isValidUserName() called with: []
2025-04-16 18:45:54,024 - INFO - isValidPasswordName() called with: False
2025-04-16 18:45:54,024 - INFO - checkIfValidSecret() called with: 1234
2025-04-16 18:45:54,024 - INFO - checkIfWeirdYAML() called with: .github/workflows/config.yml
2025-04-16 18:45:54,024 - INFO - checkIfWeirdYAML result: False
2025-04-16 18:45:54,024 - INFO - checkIfValidHelm() called with: 
2025-04-16 18:45:54,024 - INFO - checkIfValidHelm result: False
2025-04-16 18:45:54,024 - INFO - isValidUserName() called with: None
2025-04-16 18:45:54,024 - INFO - isValidPasswordName() called with: lpAignfkFe
2025-04-16 18:45:54,024 - INFO - isValidPasswordName result: False
2025-04-16 18:45:54,024 - INFO - checkIfValidSecret() called with: 
2025-04-16 18:45:54,024 - INFO - checkIfValidSecret result: False
2025-04-16 18:45:54,025 - INFO - checkIfWeirdYAML() called with: /my/app/config.yaml
2025-04-16 18:45:54,025 - INFO - checkIfWeirdYAML result: False
2025-04-16 18:45:54,025 - INFO - checkIfValidHelm() called with: charts/helm/values.yaml
2025-04-16 18:45:54,025 - INFO - checkIfValidHelm result: True
2025-04-16 18:45:54,025 - INFO - isValidUserName() called with: True
2025-04-16 18:45:54,025 - INFO - isValidPasswordName() called with: []
2025-04-16 18:45:54,025 - INFO - checkIfValidSecret() called with: admin
2025-04-16 18:45:54,025 - INFO - checkIfValidSecret result: True
2025-04-16 18:45:54,025 - INFO - checkIfWeirdYAML() called with: not_a_path
2025-04-16 18:45:54,025 - INFO - checkIfWeirdYAML result: False
2025-04-16 18:45:54,025 - INFO - checkIfValidHelm() called with: None
2025-04-16 18:45:54,026 - ERROR - Exception in checkIfValidHelm: argument of type 'NoneType' is not iterable
2025-04-16 18:45:54,026 - INFO - isValidUserName() called with: []
2025-04-16 18:45:54,026 - INFO - isValidPasswordName() called with: False
2025-04-16 18:45:54,026 - INFO - checkIfValidSecret() called with: 1234
2025-04-16 18:45:54,026 - INFO - checkIfWeirdYAML() called with: None
2025-04-16 18:45:54,026 - ERROR - Exception in checkIfWeirdYAML: argument of type 'NoneType' is not iterable
2025-04-16 18:45:54,026 - INFO - checkIfValidHelm() called with: script.py
2025-04-16 18:45:54,026 - INFO - checkIfValidHelm result: False
2025-04-16 18:45:54,026 - INFO - isValidUserName() called with: 123
2025-04-16 18:45:54,026 - INFO - isValidPasswordName() called with: None
2025-04-16 18:45:54,027 - INFO - checkIfValidSecret() called with: admin
2025-04-16 18:45:54,027 - INFO - checkIfValidSecret result: True
2025-04-16 18:45:54,028 - INFO - checkIfWeirdYAML() called with: /my/app/config.yaml
2025-04-16 18:45:54,028 - INFO - checkIfWeirdYAML result: False
2025-04-16 18:45:54,028 - INFO - checkIfValidHelm() called with: /chart/configs/deploy/values.yaml
2025-04-16 18:45:54,028 - INFO - checkIfValidHelm result: False
2025-04-16 18:45:54,028 - INFO - isValidUserName() called with: []
2025-04-16 18:45:54,028 - INFO - isValidPasswordName() called with: []
2025-04-16 18:45:54,028 - INFO - checkIfValidSecret() called with: 
2025-04-16 18:45:54,028 - INFO - checkIfValidSecret result: False
2025-04-16 18:45:54,028 - INFO - checkIfWeirdYAML() called with: not_a_path
2025-04-16 18:45:54,029 - INFO - checkIfWeirdYAML result: False
2025-04-16 18:45:54,029 - INFO - checkIfValidHelm() called with: script.py
2025-04-16 18:45:54,029 - INFO - checkIfValidHelm result: False
2025-04-16 18:45:54,029 - INFO - isValidUserName() called with: 
2025-04-16 18:45:54,029 - INFO - isValidUserName result: False
2025-04-16 18:45:54,029 - INFO - isValidPasswordName() called with: {}
2025-04-16 18:45:54,030 - INFO - checkIfValidSecret() called with: aV93sJDXc2
2025-04-16 18:45:54,030 - INFO - checkIfValidSecret result: False
2025-04-16 18:45:54,030 - INFO - checkIfWeirdYAML() called with: /my/app/config.yaml
2025-04-16 18:45:54,030 - INFO - checkIfWeirdYAML result: False
2025-04-16 18:45:54,030 - INFO - checkIfValidHelm() called with: /chart/configs/deploy/values.yaml
2025-04-16 18:45:54,030 - INFO - checkIfValidHelm result: False
2025-04-16 18:45:54,030 - INFO - isValidUserName() called with: 
2025-04-16 18:45:54,030 - INFO - isValidUserName result: False
2025-04-16 18:45:54,030 - INFO - isValidPasswordName() called with: None
2025-04-16 18:45:54,031 - INFO - checkIfValidSecret() called with: 1234
2025-04-16 18:45:54,031 - INFO - checkIfWeirdYAML() called with: .github/workflows/config.yml
2025-04-16 18:45:54,031 - INFO - checkIfWeirdYAML result: False
2025-04-16 18:45:54,031 - INFO - checkIfValidHelm() called with: services.yaml
2025-04-16 18:45:54,031 - INFO - checkIfValidHelm result: False
2025-04-16 18:45:54,031 - INFO - isValidUserName() called with: 
2025-04-16 18:45:54,031 - INFO - isValidUserName result: False
2025-04-16 18:45:54,032 - INFO - isValidPasswordName() called with: None
2025-04-16 18:45:54,032 - INFO - checkIfValidSecret() called with: 1234
2025-04-16 18:45:54,032 - INFO - checkIfWeirdYAML() called with: None
2025-04-16 18:45:54,032 - ERROR - Exception in checkIfWeirdYAML: argument of type 'NoneType' is not iterable
2025-04-16 18:45:54,032 - INFO - checkIfValidHelm() called with: services.yaml
2025-04-16 18:45:54,032 - INFO - checkIfValidHelm result: False
2025-04-16 18:45:54,032 - INFO - isValidUserName() called with: 01WX6os2SL
2025-04-16 18:45:54,032 - INFO - isValidUserName result: False
2025-04-16 18:45:54,032 - INFO - isValidPasswordName() called with: 456
2025-04-16 18:45:54,033 - INFO - checkIfValidSecret() called with: Zs1GOmhP5A
2025-04-16 18:45:54,033 - INFO - checkIfValidSecret result: False
2025-04-16 18:45:54,033 - INFO - checkIfWeirdYAML() called with: None
2025-04-16 18:45:54,033 - ERROR - Exception in checkIfWeirdYAML: argument of type 'NoneType' is not iterable
2025-04-16 18:45:54,033 - INFO - checkIfValidHelm() called with: charts/helm/values.yaml
2025-04-16 18:45:54,033 - INFO - checkIfValidHelm result: True
2025-04-16 18:45:54,033 - INFO - isValidUserName() called with: 
2025-04-16 18:45:54,033 - INFO - isValidUserName result: False
2025-04-16 18:45:54,034 - INFO - isValidPasswordName() called with: None
2025-04-16 18:45:54,034 - INFO - checkIfValidSecret() called with:  
2025-04-16 18:45:54,034 - INFO - checkIfValidSecret result: False
2025-04-16 18:45:54,034 - INFO - checkIfWeirdYAML() called with: None
2025-04-16 18:45:54,034 - ERROR - Exception in checkIfWeirdYAML: argument of type 'NoneType' is not iterable
2025-04-16 18:45:54,034 - INFO - checkIfValidHelm() called with: None
2025-04-16 18:45:54,035 - ERROR - Exception in checkIfValidHelm: argument of type 'NoneType' is not iterable
2025-04-16 18:45:54,035 - INFO - isValidUserName() called with: None
2025-04-16 18:45:54,035 - INFO - isValidPasswordName() called with: None
2025-04-16 18:45:54,035 - INFO - checkIfValidSecret() called with: admin
2025-04-16 18:45:54,036 - INFO - checkIfValidSecret result: True
2025-04-16 18:45:54,036 - INFO - checkIfWeirdYAML() called with: 12345
2025-04-16 18:45:54,036 - ERROR - Exception in checkIfWeirdYAML: argument of type 'int' is not iterable
2025-04-16 18:45:54,036 - INFO - checkIfValidHelm() called with: 
2025-04-16 18:45:54,036 - INFO - checkIfValidHelm result: False
2025-04-16 18:45:54,037 - INFO - isValidUserName() called with: 
2025-04-16 18:45:54,037 - INFO - isValidUserName result: False
2025-04-16 18:45:54,037 - INFO - isValidPasswordName() called with: []
2025-04-16 18:45:54,037 - INFO - checkIfValidSecret() called with: 
2025-04-16 18:45:54,037 - INFO - checkIfValidSecret result: False
2025-04-16 18:45:54,037 - INFO - checkIfWeirdYAML() called with: None
2025-04-16 18:45:54,037 - ERROR - Exception in checkIfWeirdYAML: argument of type 'NoneType' is not iterable
2025-04-16 18:45:54,038 - INFO - checkIfValidHelm() called with: script.py
2025-04-16 18:45:54,038 - INFO - checkIfValidHelm result: False
2025-04-16 18:45:54,038 - INFO - isValidUserName() called with: True
2025-04-16 18:45:54,038 - INFO - isValidPasswordName() called with: pass
2025-04-16 18:45:54,038 - INFO - isValidPasswordName result: True
2025-04-16 18:45:54,038 - INFO - checkIfValidSecret() called with: 
2025-04-16 18:45:54,038 - INFO - checkIfValidSecret result: False
2025-04-16 18:45:54,039 - INFO - checkIfWeirdYAML() called with: 12345
2025-04-16 18:45:54,039 - ERROR - Exception in checkIfWeirdYAML: argument of type 'int' is not iterable
2025-04-16 18:45:54,039 - INFO - checkIfValidHelm() called with: 
2025-04-16 18:45:54,039 - INFO - checkIfValidHelm result: False
2025-04-16 18:45:54,039 - INFO - isValidUserName() called with: 123
2025-04-16 18:45:54,039 - INFO - isValidPasswordName() called with: pass
2025-04-16 18:45:54,039 - INFO - isValidPasswordName result: True
2025-04-16 18:45:54,040 - INFO - checkIfValidSecret() called with: 
2025-04-16 18:45:54,040 - INFO - checkIfValidSecret result: False
2025-04-16 18:45:54,040 - INFO - checkIfWeirdYAML() called with: .github/workflows/config.yml
2025-04-16 18:45:54,040 - INFO - checkIfWeirdYAML result: False
2025-04-16 18:45:54,040 - INFO - checkIfValidHelm() called with: 
2025-04-16 18:45:54,040 - INFO - checkIfValidHelm result: False
2025-04-16 18:45:54,040 - INFO - isValidUserName() called with: SCMkVH2YIr
2025-04-16 18:45:54,040 - INFO - isValidUserName result: False
2025-04-16 18:45:54,041 - INFO - isValidPasswordName() called with: []
2025-04-16 18:45:54,041 - INFO - checkIfValidSecret() called with: token123
2025-04-16 18:45:54,041 - INFO - checkIfValidSecret result: True
2025-04-16 18:45:54,041 - INFO - checkIfWeirdYAML() called with: None
2025-04-16 18:45:54,041 - ERROR - Exception in checkIfWeirdYAML: argument of type 'NoneType' is not iterable
2025-04-16 18:45:54,041 - INFO - checkIfValidHelm() called with: charts/helm/values.yaml
2025-04-16 18:45:54,042 - INFO - checkIfValidHelm result: True
2025-04-16 18:45:54,042 - INFO - isValidUserName() called with: []
2025-04-16 18:45:54,042 - INFO - isValidPasswordName() called with: 456
2025-04-16 18:45:54,042 - INFO - checkIfValidSecret() called with: 
2025-04-16 18:45:54,042 - INFO - checkIfValidSecret result: False
2025-04-16 18:45:54,042 - INFO - checkIfWeirdYAML() called with: .github/workflows/config.yml
2025-04-16 18:45:54,042 - INFO - checkIfWeirdYAML result: False
2025-04-16 18:45:54,043 - INFO - checkIfValidHelm() called with: script.py
2025-04-16 18:45:54,043 - INFO - checkIfValidHelm result: False
2025-04-16 18:45:54,043 - INFO - isValidUserName() called with: None
2025-04-16 18:45:54,043 - INFO - isValidPasswordName() called with: {}
2025-04-16 18:45:54,043 - INFO - checkIfValidSecret() called with: token123
2025-04-16 18:45:54,043 - INFO - checkIfValidSecret result: True
2025-04-16 18:45:54,044 - INFO - checkIfWeirdYAML() called with: not_a_path
2025-04-16 18:45:54,044 - INFO - checkIfWeirdYAML result: False
2025-04-16 18:45:54,044 - INFO - checkIfValidHelm() called with: 
2025-04-16 18:45:54,044 - INFO - checkIfValidHelm result: False
2025-04-16 18:45:54,044 - INFO - isValidUserName() called with: True
2025-04-16 18:45:54,044 - INFO - isValidPasswordName() called with: 456
2025-04-16 18:45:54,044 - INFO - checkIfValidSecret() called with: 
2025-04-16 18:45:54,044 - INFO - checkIfValidSecret result: False
2025-04-16 18:45:54,045 - INFO - checkIfWeirdYAML() called with: None
2025-04-16 18:45:54,045 - ERROR - Exception in checkIfWeirdYAML: argument of type 'NoneType' is not iterable
2025-04-16 18:45:54,045 - INFO - checkIfValidHelm() called with: 
2025-04-16 18:45:54,045 - INFO - checkIfValidHelm result: False
2025-04-16 18:45:54,045 - INFO - isValidUserName() called with: {}
2025-04-16 18:45:54,045 - INFO - isValidPasswordName() called with: None
2025-04-16 18:45:54,045 - INFO - checkIfValidSecret() called with: 
2025-04-16 18:45:54,046 - INFO - checkIfValidSecret result: False
2025-04-16 18:45:54,046 - INFO - checkIfWeirdYAML() called with: None
2025-04-16 18:45:54,046 - ERROR - Exception in checkIfWeirdYAML: argument of type 'NoneType' is not iterable
2025-04-16 18:45:54,046 - INFO - checkIfValidHelm() called with: 
2025-04-16 18:45:54,046 - INFO - checkIfValidHelm result: False
2025-04-16 18:45:54,046 - INFO - isValidUserName() called with: 
2025-04-16 18:45:54,046 - INFO - isValidUserName result: False
2025-04-16 18:45:54,046 - INFO - isValidPasswordName() called with: None
2025-04-16 18:45:54,046 - INFO - checkIfValidSecret() called with:  
2025-04-16 18:45:54,046 - INFO - checkIfValidSecret result: False
2025-04-16 18:45:54,047 - INFO - checkIfWeirdYAML() called with: None
2025-04-16 18:45:54,047 - ERROR - Exception in checkIfWeirdYAML: argument of type 'NoneType' is not iterable
2025-04-16 18:45:54,047 - INFO - checkIfValidHelm() called with: 
2025-04-16 18:45:54,047 - INFO - checkIfValidHelm result: False
2025-04-16 18:45:54,047 - INFO - isValidUserName() called with: nuVUOvZsGm
2025-04-16 18:45:54,047 - INFO - isValidUserName result: False
2025-04-16 18:45:54,047 - INFO - isValidPasswordName() called with: []
2025-04-16 18:45:54,047 - INFO - checkIfValidSecret() called with:  
2025-04-16 18:45:54,047 - INFO - checkIfValidSecret result: False
2025-04-16 18:45:54,047 - INFO - checkIfWeirdYAML() called with: None
2025-04-16 18:45:54,047 - ERROR - Exception in checkIfWeirdYAML: argument of type 'NoneType' is not iterable
2025-04-16 18:45:54,047 - INFO - checkIfValidHelm() called with: /chart/configs/deploy/values.yaml
2025-04-16 18:45:54,048 - INFO - checkIfValidHelm result: False
2025-04-16 18:45:54,048 - INFO - isValidUserName() called with: 
2025-04-16 18:45:54,048 - INFO - isValidUserName result: False
2025-04-16 18:45:54,048 - INFO - isValidPasswordName() called with: []
2025-04-16 18:45:54,048 - INFO - checkIfValidSecret() called with: lAqytBnTxd
2025-04-16 18:45:54,048 - INFO - checkIfValidSecret result: False
2025-04-16 18:45:54,048 - INFO - checkIfWeirdYAML() called with: not_a_path
2025-04-16 18:45:54,048 - INFO - checkIfWeirdYAML result: False
2025-04-16 18:45:54,048 - INFO - checkIfValidHelm() called with: charts/helm/values.yaml
2025-04-16 18:45:54,048 - INFO - checkIfValidHelm result: True
2025-04-16 18:45:54,048 - INFO - isValidUserName() called with: True
2025-04-16 18:45:54,049 - INFO - isValidPasswordName() called with: None
2025-04-16 18:45:54,049 - INFO - checkIfValidSecret() called with: 
2025-04-16 18:45:54,049 - INFO - checkIfValidSecret result: False
2025-04-16 18:45:54,049 - INFO - checkIfWeirdYAML() called with: None
2025-04-16 18:45:54,049 - ERROR - Exception in checkIfWeirdYAML: argument of type 'NoneType' is not iterable
2025-04-16 18:45:54,049 - INFO - checkIfValidHelm() called with: services.yaml
2025-04-16 18:45:54,049 - INFO - checkIfValidHelm result: False
2025-04-16 18:45:54,049 - INFO - isValidUserName() called with: 
2025-04-16 18:45:54,049 - INFO - isValidUserName result: False
2025-04-16 18:45:54,050 - INFO - isValidPasswordName() called with: False
2025-04-16 18:45:54,050 - INFO - checkIfValidSecret() called with: None
2025-04-16 18:45:54,050 - INFO - checkIfWeirdYAML() called with: .github/workflows/config.yml
2025-04-16 18:45:54,050 - INFO - checkIfWeirdYAML result: False
2025-04-16 18:45:54,050 - INFO - checkIfValidHelm() called with: charts/helm/values.yaml
2025-04-16 18:45:54,050 - INFO - checkIfValidHelm result: True
2025-04-16 18:45:54,050 - INFO - isValidUserName() called with: []
2025-04-16 18:45:54,050 - INFO - isValidPasswordName() called with: []
2025-04-16 18:45:54,051 - INFO - checkIfValidSecret() called with: 1234
2025-04-16 18:45:54,051 - INFO - checkIfWeirdYAML() called with: .github/workflows/config.yml
2025-04-16 18:45:54,051 - INFO - checkIfWeirdYAML result: False
2025-04-16 18:45:54,051 - INFO - checkIfValidHelm() called with: services.yaml
2025-04-16 18:45:54,051 - INFO - checkIfValidHelm result: False
2025-04-16 18:45:54,051 - INFO - isValidUserName() called with: {}
2025-04-16 18:45:54,051 - INFO - isValidPasswordName() called with: []
2025-04-16 18:45:54,051 - INFO - checkIfValidSecret() called with: admin
2025-04-16 18:45:54,051 - INFO - checkIfValidSecret result: True
2025-04-16 18:45:54,051 - INFO - checkIfWeirdYAML() called with: .github/workflows/config.yml
2025-04-16 18:45:54,052 - INFO - checkIfWeirdYAML result: False
2025-04-16 18:45:54,052 - INFO - checkIfValidHelm() called with: services.yaml
2025-04-16 18:45:54,052 - INFO - checkIfValidHelm result: False
2025-04-16 18:45:54,052 - INFO - isValidUserName() called with: {}
2025-04-16 18:45:54,052 - INFO - isValidPasswordName() called with: {}
2025-04-16 18:45:54,052 - INFO - checkIfValidSecret() called with: token123
2025-04-16 18:45:54,052 - INFO - checkIfValidSecret result: True
2025-04-16 18:45:54,052 - INFO - checkIfWeirdYAML() called with: .github/workflows/config.yml
2025-04-16 18:45:54,052 - INFO - checkIfWeirdYAML result: False
2025-04-16 18:45:54,052 - INFO - checkIfValidHelm() called with: script.py
2025-04-16 18:45:54,052 - INFO - checkIfValidHelm result: False
2025-04-16 18:45:54,052 - INFO - isValidUserName() called with: 123
2025-04-16 18:45:54,053 - INFO - isValidPasswordName() called with: None
2025-04-16 18:45:54,053 - INFO - checkIfValidSecret() called with: None
2025-04-16 18:45:54,053 - INFO - checkIfWeirdYAML() called with: None
2025-04-16 18:45:54,053 - ERROR - Exception in checkIfWeirdYAML: argument of type 'NoneType' is not iterable
2025-04-16 18:45:54,053 - INFO - checkIfValidHelm() called with: /chart/configs/deploy/values.yaml
2025-04-16 18:45:54,053 - INFO - checkIfValidHelm result: False
2025-04-16 18:45:54,053 - INFO - isValidUserName() called with: None
2025-04-16 18:45:54,053 - INFO - isValidPasswordName() called with: []
2025-04-16 18:45:54,053 - INFO - checkIfValidSecret() called with: admin
2025-04-16 18:45:54,054 - INFO - checkIfValidSecret result: True
2025-04-16 18:45:54,054 - INFO - checkIfWeirdYAML() called with: .github/workflows/config.yml
2025-04-16 18:45:54,054 - INFO - checkIfWeirdYAML result: False
2025-04-16 18:45:54,054 - INFO - checkIfValidHelm() called with: /chart/configs/deploy/values.yaml
2025-04-16 18:45:54,054 - INFO - checkIfValidHelm result: False
2025-04-16 18:45:54,054 - INFO - isValidUserName() called with: 
2025-04-16 18:45:54,054 - INFO - isValidUserName result: False
2025-04-16 18:45:54,054 - INFO - isValidPasswordName() called with: {}
2025-04-16 18:45:54,054 - INFO - checkIfValidSecret() called with: None
2025-04-16 18:45:54,054 - INFO - checkIfWeirdYAML() called with: not_a_path
2025-04-16 18:45:54,054 - INFO - checkIfWeirdYAML result: False
2025-04-16 18:45:54,054 - INFO - checkIfValidHelm() called with: services.yaml
2025-04-16 18:45:54,055 - INFO - checkIfValidHelm result: False
2025-04-16 18:45:54,055 - INFO - isValidUserName() called with: qlsjAyGr0T
2025-04-16 18:45:54,055 - INFO - isValidUserName result: False
2025-04-16 18:45:54,055 - INFO - isValidPasswordName() called with: {}
2025-04-16 18:45:54,055 - INFO - checkIfValidSecret() called with: 1234
2025-04-16 18:45:54,055 - INFO - checkIfWeirdYAML() called with: None
2025-04-16 18:45:54,055 - ERROR - Exception in checkIfWeirdYAML: argument of type 'NoneType' is not iterable
2025-04-16 18:45:54,055 - INFO - checkIfValidHelm() called with: script.py
2025-04-16 18:45:54,055 - INFO - checkIfValidHelm result: False
2025-04-16 18:45:54,055 - INFO - isValidUserName() called with: 6f6zng3W82
2025-04-16 18:45:54,055 - INFO - isValidUserName result: False
2025-04-16 18:45:54,056 - INFO - isValidPasswordName() called with: 456
2025-04-16 18:45:54,056 - INFO - checkIfValidSecret() called with: admin
2025-04-16 18:45:54,056 - INFO - checkIfValidSecret result: True
2025-04-16 18:45:54,056 - INFO - checkIfWeirdYAML() called with: 12345
2025-04-16 18:45:54,056 - ERROR - Exception in checkIfWeirdYAML: argument of type 'int' is not iterable
2025-04-16 18:45:54,056 - INFO - checkIfValidHelm() called with: /chart/configs/deploy/values.yaml
2025-04-16 18:45:54,056 - INFO - checkIfValidHelm result: False
2025-04-16 18:45:54,056 - INFO - isValidUserName() called with: None
2025-04-16 18:45:54,056 - INFO - isValidPasswordName() called with: pass
2025-04-16 18:45:54,056 - INFO - isValidPasswordName result: True
2025-04-16 18:45:54,056 - INFO - checkIfValidSecret() called with: 1234
2025-04-16 18:45:54,057 - INFO - checkIfWeirdYAML() called with: .github/workflows/config.yml
2025-04-16 18:45:54,057 - INFO - checkIfWeirdYAML result: False
2025-04-16 18:45:54,057 - INFO - checkIfValidHelm() called with: /chart/configs/deploy/values.yaml
2025-04-16 18:45:54,057 - INFO - checkIfValidHelm result: False
2025-04-16 18:45:54,057 - INFO - isValidUserName() called with: HHx5jdD8Gi
2025-04-16 18:45:54,057 - INFO - isValidUserName result: False
2025-04-16 18:45:54,057 - INFO - isValidPasswordName() called with: pass
2025-04-16 18:45:54,057 - INFO - isValidPasswordName result: True
2025-04-16 18:45:54,057 - INFO - checkIfValidSecret() called with: NkcK7NnNmS
2025-04-16 18:45:54,057 - INFO - checkIfValidSecret result: False
2025-04-16 18:45:54,057 - INFO - checkIfWeirdYAML() called with: /my/app/config.yaml
2025-04-16 18:45:54,057 - INFO - checkIfWeirdYAML result: False
2025-04-16 18:45:54,057 - INFO - checkIfValidHelm() called with: charts/helm/values.yaml
2025-04-16 18:45:54,057 - INFO - checkIfValidHelm result: True
2025-04-16 18:45:54,057 - INFO - isValidUserName() called with: SSwu4pfKBq
2025-04-16 18:45:54,057 - INFO - isValidUserName result: False
2025-04-16 18:45:54,058 - INFO - isValidPasswordName() called with: False
2025-04-16 18:45:54,058 - INFO - checkIfValidSecret() called with: B9GefoX1YJ
2025-04-16 18:45:54,058 - INFO - checkIfValidSecret result: False
2025-04-16 18:45:54,058 - INFO - checkIfWeirdYAML() called with: not_a_path
2025-04-16 18:45:54,058 - INFO - checkIfWeirdYAML result: False
2025-04-16 18:45:54,058 - INFO - checkIfValidHelm() called with: script.py
2025-04-16 18:45:54,058 - INFO - checkIfValidHelm result: False
2025-04-16 18:45:54,058 - INFO - isValidUserName() called with: 
2025-04-16 18:45:54,058 - INFO - isValidUserName result: False
2025-04-16 18:45:54,058 - INFO - isValidPasswordName() called with: pass
2025-04-16 18:45:54,058 - INFO - isValidPasswordName result: True
2025-04-16 18:45:54,058 - INFO - checkIfValidSecret() called with: admin
2025-04-16 18:45:54,058 - INFO - checkIfValidSecret result: True
2025-04-16 18:45:54,058 - INFO - checkIfWeirdYAML() called with: /my/app/config.yaml
2025-04-16 18:45:54,058 - INFO - checkIfWeirdYAML result: False
2025-04-16 18:45:54,059 - INFO - checkIfValidHelm() called with: None
2025-04-16 18:45:54,059 - ERROR - Exception in checkIfValidHelm: argument of type 'NoneType' is not iterable
2025-04-16 18:45:54,059 - INFO - isValidUserName() called with: d0cNAiKAJu
2025-04-16 18:45:54,059 - INFO - isValidUserName result: False
2025-04-16 18:45:54,059 - INFO - isValidPasswordName() called with: 456
2025-04-16 18:45:54,059 - INFO - checkIfValidSecret() called with:  
2025-04-16 18:45:54,059 - INFO - checkIfValidSecret result: False
2025-04-16 18:45:54,059 - INFO - checkIfWeirdYAML() called with: not_a_path
2025-04-16 18:45:54,059 - INFO - checkIfWeirdYAML result: False
2025-04-16 18:45:54,059 - INFO - checkIfValidHelm() called with: 
2025-04-16 18:45:54,059 - INFO - checkIfValidHelm result: False
2025-04-16 18:45:54,059 - INFO - isValidUserName() called with: {}
2025-04-16 18:45:54,060 - INFO - isValidPasswordName() called with: {}
2025-04-16 18:45:54,060 - INFO - checkIfValidSecret() called with: 1234
2025-04-16 18:45:54,060 - INFO - checkIfWeirdYAML() called with: None
2025-04-16 18:45:54,060 - ERROR - Exception in checkIfWeirdYAML: argument of type 'NoneType' is not iterable
2025-04-16 18:45:54,060 - INFO - checkIfValidHelm() called with: charts/helm/values.yaml
2025-04-16 18:45:54,060 - INFO - checkIfValidHelm result: True
2025-04-16 18:45:54,060 - INFO - isValidUserName() called with: 
2025-04-16 18:45:54,060 - INFO - isValidUserName result: False
2025-04-16 18:45:54,060 - INFO - isValidPasswordName() called with: None
2025-04-16 18:45:54,061 - INFO - checkIfValidSecret() called with: token123
2025-04-16 18:45:54,061 - INFO - checkIfValidSecret result: True
2025-04-16 18:45:54,061 - INFO - checkIfWeirdYAML() called with: .github/workflows/config.yml
2025-04-16 18:45:54,061 - INFO - checkIfWeirdYAML result: False
2025-04-16 18:45:54,061 - INFO - checkIfValidHelm() called with: /chart/configs/deploy/values.yaml
2025-04-16 18:45:54,061 - INFO - checkIfValidHelm result: False
2025-04-16 18:45:54,061 - INFO - isValidUserName() called with: zrHBGpFLJE
2025-04-16 18:45:54,061 - INFO - isValidUserName result: False
2025-04-16 18:45:54,061 - INFO - isValidPasswordName() called with: []
2025-04-16 18:45:54,061 - INFO - checkIfValidSecret() called with: token123
2025-04-16 18:45:54,061 - INFO - checkIfValidSecret result: True
2025-04-16 18:45:54,061 - INFO - checkIfWeirdYAML() called with: .github/workflows/config.yml
2025-04-16 18:45:54,061 - INFO - checkIfWeirdYAML result: False
2025-04-16 18:45:54,062 - INFO - checkIfValidHelm() called with: script.py
2025-04-16 18:45:54,062 - INFO - checkIfValidHelm result: False
2025-04-16 18:45:54,062 - INFO - isValidUserName() called with: {}
2025-04-16 18:45:54,062 - INFO - isValidPasswordName() called with: pass
2025-04-16 18:45:54,062 - INFO - isValidPasswordName result: True
2025-04-16 18:45:54,062 - INFO - checkIfValidSecret() called with: TNYjvVT0oY
2025-04-16 18:45:54,062 - INFO - checkIfValidSecret result: False
2025-04-16 18:45:54,062 - INFO - checkIfWeirdYAML() called with: 12345
2025-04-16 18:45:54,062 - ERROR - Exception in checkIfWeirdYAML: argument of type 'int' is not iterable
2025-04-16 18:45:54,062 - INFO - checkIfValidHelm() called with: services.yaml
2025-04-16 18:45:54,062 - INFO - checkIfValidHelm result: False
2025-04-16 18:45:54,062 - INFO - isValidUserName() called with: None
2025-04-16 18:45:54,062 - INFO - isValidPasswordName() called with: vTd7lmvG6E
2025-04-16 18:45:54,063 - INFO - isValidPasswordName result: False
2025-04-16 18:45:54,063 - INFO - checkIfValidSecret() called with: None
2025-04-16 18:45:54,063 - INFO - checkIfWeirdYAML() called with: .github/workflows/config.yml
2025-04-16 18:45:54,063 - INFO - checkIfWeirdYAML result: False
2025-04-16 18:45:54,063 - INFO - checkIfValidHelm() called with: script.py
2025-04-16 18:45:54,063 - INFO - checkIfValidHelm result: False
2025-04-16 18:45:54,063 - INFO - isValidUserName() called with: AWworJAS8F
2025-04-16 18:45:54,063 - INFO - isValidUserName result: False
2025-04-16 18:45:54,063 - INFO - isValidPasswordName() called with: None
2025-04-16 18:45:54,063 - INFO - checkIfValidSecret() called with: 1234
2025-04-16 18:45:54,063 - INFO - checkIfWeirdYAML() called with: not_a_path
2025-04-16 18:45:54,063 - INFO - checkIfWeirdYAML result: False
2025-04-16 18:45:54,064 - INFO - checkIfValidHelm() called with: charts/helm/values.yaml
2025-04-16 18:45:54,064 - INFO - checkIfValidHelm result: True
2025-04-16 18:45:54,064 - INFO - isValidUserName() called with: {}
2025-04-16 18:45:54,064 - INFO - isValidPasswordName() called with: {}
2025-04-16 18:45:54,064 - INFO - checkIfValidSecret() called with: 
2025-04-16 18:45:54,064 - INFO - checkIfValidSecret result: False
2025-04-16 18:45:54,064 - INFO - checkIfWeirdYAML() called with: .github/workflows/config.yml
2025-04-16 18:45:54,064 - INFO - checkIfWeirdYAML result: False
2025-04-16 18:45:54,064 - INFO - checkIfValidHelm() called with: script.py
2025-04-16 18:45:54,064 - INFO - checkIfValidHelm result: False
2025-04-16 18:45:54,064 - INFO - isValidUserName() called with: fmKw9vaXuh
2025-04-16 18:45:54,064 - INFO - isValidUserName result: False
2025-04-16 18:45:54,064 - INFO - isValidPasswordName() called with: []
2025-04-16 18:45:54,065 - INFO - checkIfValidSecret() called with: None
2025-04-16 18:45:54,065 - INFO - checkIfWeirdYAML() called with: /my/app/config.yaml
2025-04-16 18:45:54,065 - INFO - checkIfWeirdYAML result: False
2025-04-16 18:45:54,065 - INFO - checkIfValidHelm() called with: services.yaml
2025-04-16 18:45:54,065 - INFO - checkIfValidHelm result: False
2025-04-16 18:45:54,065 - INFO - isValidUserName() called with: 123
2025-04-16 18:45:54,065 - INFO - isValidPasswordName() called with: 456
2025-04-16 18:45:54,065 - INFO - checkIfValidSecret() called with: 1234
2025-04-16 18:45:54,065 - INFO - checkIfWeirdYAML() called with: not_a_path
2025-04-16 18:45:54,066 - INFO - checkIfWeirdYAML result: False
2025-04-16 18:45:54,066 - INFO - checkIfValidHelm() called with: None
2025-04-16 18:45:54,066 - ERROR - Exception in checkIfValidHelm: argument of type 'NoneType' is not iterable
2025-04-16 18:45:54,066 - INFO - isValidUserName() called with: True
2025-04-16 18:45:54,066 - INFO - isValidPasswordName() called with: {}
2025-04-16 18:45:54,066 - INFO - checkIfValidSecret() called with: 1234
2025-04-16 18:45:54,066 - INFO - checkIfWeirdYAML() called with: /my/app/config.yaml
2025-04-16 18:45:54,066 - INFO - checkIfWeirdYAML result: False
2025-04-16 18:45:54,067 - INFO - checkIfValidHelm() called with: charts/helm/values.yaml
2025-04-16 18:45:54,067 - INFO - checkIfValidHelm result: True
2025-04-16 18:45:54,067 - INFO - isValidUserName() called with: 123
2025-04-16 18:45:54,067 - INFO - isValidPasswordName() called with: 456
2025-04-16 18:45:54,067 - INFO - checkIfValidSecret() called with: admin
2025-04-16 18:45:54,067 - INFO - checkIfValidSecret result: True
2025-04-16 18:45:54,067 - INFO - checkIfWeirdYAML() called with: .github/workflows/config.yml
2025-04-16 18:45:54,067 - INFO - checkIfWeirdYAML result: False
2025-04-16 18:45:54,067 - INFO - checkIfValidHelm() called with: /chart/configs/deploy/values.yaml
2025-04-16 18:45:54,067 - INFO - checkIfValidHelm result: False
2025-04-16 18:45:54,067 - INFO - isValidUserName() called with: AZPKJrV32Y
2025-04-16 18:45:54,067 - INFO - isValidUserName result: False
2025-04-16 18:45:54,068 - INFO - isValidPasswordName() called with: ub3vVQmrji
2025-04-16 18:45:54,068 - INFO - isValidPasswordName result: False
2025-04-16 18:45:54,068 - INFO - checkIfValidSecret() called with: 
2025-04-16 18:45:54,068 - INFO - checkIfValidSecret result: False
2025-04-16 18:45:54,068 - INFO - checkIfWeirdYAML() called with: .github/workflows/config.yml
2025-04-16 18:45:54,068 - INFO - checkIfWeirdYAML result: False
2025-04-16 18:45:54,068 - INFO - checkIfValidHelm() called with: 
2025-04-16 18:45:54,068 - INFO - checkIfValidHelm result: False
2025-04-16 18:45:54,068 - INFO - isValidUserName() called with: RSOBbI8XCq
2025-04-16 18:45:54,068 - INFO - isValidUserName result: False
2025-04-16 18:45:54,068 - INFO - isValidPasswordName() called with: None
2025-04-16 18:45:54,068 - INFO - checkIfValidSecret() called with: 
2025-04-16 18:45:54,068 - INFO - checkIfValidSecret result: False
2025-04-16 18:45:54,068 - INFO - checkIfWeirdYAML() called with: 12345
2025-04-16 18:45:54,068 - ERROR - Exception in checkIfWeirdYAML: argument of type 'int' is not iterable
2025-04-16 18:45:54,069 - INFO - checkIfValidHelm() called with: charts/helm/values.yaml
2025-04-16 18:45:54,069 - INFO - checkIfValidHelm result: True
2025-04-16 18:45:54,069 - INFO - isValidUserName() called with: 
2025-04-16 18:45:54,069 - INFO - isValidUserName result: False
2025-04-16 18:45:54,069 - INFO - isValidPasswordName() called with: 456
2025-04-16 18:45:54,069 - INFO - checkIfValidSecret() called with: 
2025-04-16 18:45:54,069 - INFO - checkIfValidSecret result: False
2025-04-16 18:45:54,069 - INFO - checkIfWeirdYAML() called with: .github/workflows/config.yml
2025-04-16 18:45:54,069 - INFO - checkIfWeirdYAML result: False
2025-04-16 18:45:54,069 - INFO - checkIfValidHelm() called with: services.yaml
2025-04-16 18:45:54,069 - INFO - checkIfValidHelm result: False
2025-04-16 18:45:54,069 - INFO - isValidUserName() called with: 
2025-04-16 18:45:54,069 - INFO - isValidUserName result: False
2025-04-16 18:45:54,070 - INFO - isValidPasswordName() called with: 456
2025-04-16 18:45:54,070 - INFO - checkIfValidSecret() called with:  
2025-04-16 18:45:54,070 - INFO - checkIfValidSecret result: False
2025-04-16 18:45:54,070 - INFO - checkIfWeirdYAML() called with: None
2025-04-16 18:45:54,070 - ERROR - Exception in checkIfWeirdYAML: argument of type 'NoneType' is not iterable
2025-04-16 18:45:54,070 - INFO - checkIfValidHelm() called with: script.py
2025-04-16 18:45:54,070 - INFO - checkIfValidHelm result: False
2025-04-16 18:45:54,070 - INFO - isValidUserName() called with: True
2025-04-16 18:45:54,070 - INFO - isValidPasswordName() called with: []
2025-04-16 18:45:54,070 - INFO - checkIfValidSecret() called with: VHLDSSpQ19
2025-04-16 18:45:54,070 - INFO - checkIfValidSecret result: False
2025-04-16 18:45:54,071 - INFO - checkIfWeirdYAML() called with: 12345
2025-04-16 18:45:54,071 - ERROR - Exception in checkIfWeirdYAML: argument of type 'int' is not iterable
2025-04-16 18:45:54,071 - INFO - checkIfValidHelm() called with: None
2025-04-16 18:45:54,071 - ERROR - Exception in checkIfValidHelm: argument of type 'NoneType' is not iterable
2025-04-16 18:45:54,071 - INFO - isValidUserName() called with: {}
2025-04-16 18:45:54,071 - INFO - isValidPasswordName() called with: 456
2025-04-16 18:45:54,071 - INFO - checkIfValidSecret() called with: Jt4J6tPjQv
2025-04-16 18:45:54,071 - INFO - checkIfValidSecret result: False
2025-04-16 18:45:54,071 - INFO - checkIfWeirdYAML() called with: not_a_path
2025-04-16 18:45:54,071 - INFO - checkIfWeirdYAML result: False
2025-04-16 18:45:54,071 - INFO - checkIfValidHelm() called with: script.py
2025-04-16 18:45:54,071 - INFO - checkIfValidHelm result: False
2025-04-16 18:45:54,071 - INFO - isValidUserName() called with: {}
2025-04-16 18:45:54,071 - INFO - isValidPasswordName() called with: 456
2025-04-16 18:45:54,072 - INFO - checkIfValidSecret() called with: token123
2025-04-16 18:45:54,072 - INFO - checkIfValidSecret result: True
2025-04-16 18:45:54,072 - INFO - checkIfWeirdYAML() called with: /my/app/config.yaml
2025-04-16 18:45:54,072 - INFO - checkIfWeirdYAML result: False
2025-04-16 18:45:54,072 - INFO - checkIfValidHelm() called with: services.yaml
2025-04-16 18:45:54,072 - INFO - checkIfValidHelm result: False
2025-04-16 18:45:54,072 - INFO - isValidUserName() called with: {}
2025-04-16 18:45:54,072 - INFO - isValidPasswordName() called with: 456
2025-04-16 18:45:54,072 - INFO - checkIfValidSecret() called with: token123
2025-04-16 18:45:54,072 - INFO - checkIfValidSecret result: True
2025-04-16 18:45:54,072 - INFO - checkIfWeirdYAML() called with: /my/app/config.yaml
2025-04-16 18:45:54,072 - INFO - checkIfWeirdYAML result: False
2025-04-16 18:45:54,072 - INFO - checkIfValidHelm() called with: services.yaml
2025-04-16 18:45:54,073 - INFO - checkIfValidHelm result: False
2025-04-16 18:45:54,073 - INFO - isValidUserName() called with: 123
2025-04-16 18:45:54,073 - INFO - isValidPasswordName() called with: 456
2025-04-16 18:45:54,073 - INFO - checkIfValidSecret() called with: admin
2025-04-16 18:45:54,073 - INFO - checkIfValidSecret result: True
2025-04-16 18:45:54,073 - INFO - checkIfWeirdYAML() called with: /my/app/config.yaml
2025-04-16 18:45:54,073 - INFO - checkIfWeirdYAML result: False
2025-04-16 18:45:54,073 - INFO - checkIfValidHelm() called with: /chart/configs/deploy/values.yaml
2025-04-16 18:45:54,073 - INFO - checkIfValidHelm result: False
2025-04-16 18:45:54,073 - INFO - isValidUserName() called with: 
2025-04-16 18:45:54,073 - INFO - isValidUserName result: False
2025-04-16 18:45:54,073 - INFO - isValidPasswordName() called with: pass
2025-04-16 18:45:54,073 - INFO - isValidPasswordName result: True
2025-04-16 18:45:54,074 - INFO - checkIfValidSecret() called with: admin
2025-04-16 18:45:54,074 - INFO - checkIfValidSecret result: True
2025-04-16 18:45:54,074 - INFO - checkIfWeirdYAML() called with: .github/workflows/config.yml
2025-04-16 18:45:54,074 - INFO - checkIfWeirdYAML result: False
2025-04-16 18:45:54,074 - INFO - checkIfValidHelm() called with: None
2025-04-16 18:45:54,074 - ERROR - Exception in checkIfValidHelm: argument of type 'NoneType' is not iterable
2025-04-16 18:45:54,074 - INFO - isValidUserName() called with: leltWJmqdu
2025-04-16 18:45:54,074 - INFO - isValidUserName result: False
2025-04-16 18:45:54,074 - INFO - isValidPasswordName() called with: 1Rtg6Buazx
2025-04-16 18:45:54,074 - INFO - isValidPasswordName result: False
2025-04-16 18:45:54,074 - INFO - checkIfValidSecret() called with: 
2025-04-16 18:45:54,074 - INFO - checkIfValidSecret result: False
2025-04-16 18:45:54,074 - INFO - checkIfWeirdYAML() called with: 12345
2025-04-16 18:45:54,074 - ERROR - Exception in checkIfWeirdYAML: argument of type 'int' is not iterable
2025-04-16 18:45:54,074 - INFO - checkIfValidHelm() called with: None
2025-04-16 18:45:54,074 - ERROR - Exception in checkIfValidHelm: argument of type 'NoneType' is not iterable
2025-04-16 18:45:54,074 - INFO - isValidUserName() called with: 123
2025-04-16 18:45:54,075 - INFO - isValidPasswordName() called with: 456
2025-04-16 18:45:54,075 - INFO - checkIfValidSecret() called with: None
2025-04-16 18:45:54,075 - INFO - checkIfWeirdYAML() called with: /my/app/config.yaml
2025-04-16 18:45:54,075 - INFO - checkIfWeirdYAML result: False
2025-04-16 18:45:54,075 - INFO - checkIfValidHelm() called with: charts/helm/values.yaml
2025-04-16 18:45:54,075 - INFO - checkIfValidHelm result: True
2025-04-16 18:45:54,075 - INFO - isValidUserName() called with: e7SmKVHuTz
2025-04-16 18:45:54,075 - INFO - isValidUserName result: False
2025-04-16 18:45:54,075 - INFO - isValidPasswordName() called with: None
2025-04-16 18:45:54,075 - INFO - checkIfValidSecret() called with: None
2025-04-16 18:45:54,075 - INFO - checkIfWeirdYAML() called with: None
2025-04-16 18:45:54,075 - ERROR - Exception in checkIfWeirdYAML: argument of type 'NoneType' is not iterable
2025-04-16 18:45:54,076 - INFO - checkIfValidHelm() called with: services.yaml
2025-04-16 18:45:54,076 - INFO - checkIfValidHelm result: False
2025-04-16 18:45:54,076 - INFO - isValidUserName() called with: 
2025-04-16 18:45:54,076 - INFO - isValidUserName result: False
2025-04-16 18:45:54,076 - INFO - isValidPasswordName() called with: 456
2025-04-16 18:45:54,076 - INFO - checkIfValidSecret() called with: zMRhiOhCJI
2025-04-16 18:45:54,076 - INFO - checkIfValidSecret result: False
2025-04-16 18:45:54,076 - INFO - checkIfWeirdYAML() called with: None
2025-04-16 18:45:54,076 - ERROR - Exception in checkIfWeirdYAML: argument of type 'NoneType' is not iterable
2025-04-16 18:45:54,076 - INFO - checkIfValidHelm() called with: /chart/configs/deploy/values.yaml
2025-04-16 18:45:54,076 - INFO - checkIfValidHelm result: False
2025-04-16 18:45:54,076 - INFO - isValidUserName() called with: 
2025-04-16 18:45:54,076 - INFO - isValidUserName result: False
2025-04-16 18:45:54,077 - INFO - isValidPasswordName() called with: 456
2025-04-16 18:45:54,077 - INFO - checkIfValidSecret() called with:  
2025-04-16 18:45:54,077 - INFO - checkIfValidSecret result: False
2025-04-16 18:45:54,077 - INFO - checkIfWeirdYAML() called with: /my/app/config.yaml
2025-04-16 18:45:54,077 - INFO - checkIfWeirdYAML result: False
2025-04-16 18:45:54,077 - INFO - checkIfValidHelm() called with: 
2025-04-16 18:45:54,077 - INFO - checkIfValidHelm result: False
2025-04-16 18:45:54,077 - INFO - isValidUserName() called with: {}
2025-04-16 18:45:54,077 - INFO - isValidPasswordName() called with: pass
2025-04-16 18:45:54,077 - INFO - isValidPasswordName result: True
2025-04-16 18:45:54,078 - INFO - checkIfValidSecret() called with: admin
2025-04-16 18:45:54,078 - INFO - checkIfValidSecret result: True
2025-04-16 18:45:54,078 - INFO - checkIfWeirdYAML() called with: /my/app/config.yaml
2025-04-16 18:45:54,078 - INFO - checkIfWeirdYAML result: False
2025-04-16 18:45:54,078 - INFO - checkIfValidHelm() called with: /chart/configs/deploy/values.yaml
2025-04-16 18:45:54,078 - INFO - checkIfValidHelm result: False
2025-04-16 18:45:54,078 - INFO - isValidUserName() called with: []
2025-04-16 18:45:54,078 - INFO - isValidPasswordName() called with: MQaZTPQsMt
2025-04-16 18:45:54,078 - INFO - isValidPasswordName result: False
2025-04-16 18:45:54,078 - INFO - checkIfValidSecret() called with: zHJjFuLBmf
2025-04-16 18:45:54,078 - INFO - checkIfValidSecret result: False
2025-04-16 18:45:54,078 - INFO - checkIfWeirdYAML() called with: None
2025-04-16 18:45:54,079 - ERROR - Exception in checkIfWeirdYAML: argument of type 'NoneType' is not iterable
2025-04-16 18:45:54,079 - INFO - checkIfValidHelm() called with: 
2025-04-16 18:45:54,079 - INFO - checkIfValidHelm result: False
2025-04-16 18:45:54,079 - INFO - isValidUserName() called with: 
2025-04-16 18:45:54,079 - INFO - isValidUserName result: False
2025-04-16 18:45:54,079 - INFO - isValidPasswordName() called with: HMhfbIsac6
2025-04-16 18:45:54,079 - INFO - isValidPasswordName result: False
2025-04-16 18:45:54,079 - INFO - checkIfValidSecret() called with:  
2025-04-16 18:45:54,079 - INFO - checkIfValidSecret result: False
2025-04-16 18:45:54,079 - INFO - checkIfWeirdYAML() called with: .github/workflows/config.yml
2025-04-16 18:45:54,079 - INFO - checkIfWeirdYAML result: False
2025-04-16 18:45:54,079 - INFO - checkIfValidHelm() called with: script.py
2025-04-16 18:45:54,079 - INFO - checkIfValidHelm result: False
2025-04-16 18:45:54,080 - INFO - isValidUserName() called with: True
2025-04-16 18:45:54,080 - INFO - isValidPasswordName() called with: False
2025-04-16 18:45:54,080 - INFO - checkIfValidSecret() called with: token123
2025-04-16 18:45:54,080 - INFO - checkIfValidSecret result: True
2025-04-16 18:45:54,080 - INFO - checkIfWeirdYAML() called with: .github/workflows/config.yml
2025-04-16 18:45:54,080 - INFO - checkIfWeirdYAML result: False
2025-04-16 18:45:54,080 - INFO - checkIfValidHelm() called with: services.yaml
2025-04-16 18:45:54,080 - INFO - checkIfValidHelm result: False
2025-04-16 18:45:54,080 - INFO - isValidUserName() called with: None
2025-04-16 18:45:54,080 - INFO - isValidPasswordName() called with: None
2025-04-16 18:45:54,081 - INFO - checkIfValidSecret() called with: None
2025-04-16 18:45:54,081 - INFO - checkIfWeirdYAML() called with: 12345
2025-04-16 18:45:54,081 - ERROR - Exception in checkIfWeirdYAML: argument of type 'int' is not iterable
2025-04-16 18:45:54,081 - INFO - checkIfValidHelm() called with: services.yaml
2025-04-16 18:45:54,081 - INFO - checkIfValidHelm result: False
2025-04-16 18:45:54,081 - INFO - isValidUserName() called with: True
2025-04-16 18:45:54,081 - INFO - isValidPasswordName() called with: DpJdT2sKQM
2025-04-16 18:45:54,081 - INFO - isValidPasswordName result: False
2025-04-16 18:45:54,081 - INFO - checkIfValidSecret() called with: token123
2025-04-16 18:45:54,081 - INFO - checkIfValidSecret result: True
2025-04-16 18:45:54,081 - INFO - checkIfWeirdYAML() called with: 12345
2025-04-16 18:45:54,081 - ERROR - Exception in checkIfWeirdYAML: argument of type 'int' is not iterable
2025-04-16 18:45:54,081 - INFO - checkIfValidHelm() called with: charts/helm/values.yaml
2025-04-16 18:45:54,082 - INFO - checkIfValidHelm result: True
2025-04-16 18:45:54,082 - INFO - isValidUserName() called with: {}
2025-04-16 18:45:54,082 - INFO - isValidPasswordName() called with: None
2025-04-16 18:45:54,082 - INFO - checkIfValidSecret() called with: YNbFMsfVQ3
2025-04-16 18:45:54,082 - INFO - checkIfValidSecret result: False
2025-04-16 18:45:54,082 - INFO - checkIfWeirdYAML() called with: /my/app/config.yaml
2025-04-16 18:45:54,082 - INFO - checkIfWeirdYAML result: False
2025-04-16 18:45:54,082 - INFO - checkIfValidHelm() called with: script.py
2025-04-16 18:45:54,082 - INFO - checkIfValidHelm result: False
2025-04-16 18:45:54,082 - INFO - isValidUserName() called with: {}
2025-04-16 18:45:54,082 - INFO - isValidPasswordName() called with: pass
2025-04-16 18:45:54,082 - INFO - isValidPasswordName result: True
2025-04-16 18:45:54,082 - INFO - checkIfValidSecret() called with: token123
2025-04-16 18:45:54,083 - INFO - checkIfValidSecret result: True
2025-04-16 18:45:54,083 - INFO - checkIfWeirdYAML() called with: .github/workflows/config.yml
2025-04-16 18:45:54,083 - INFO - checkIfWeirdYAML result: False
2025-04-16 18:45:54,083 - INFO - checkIfValidHelm() called with: services.yaml
2025-04-16 18:45:54,083 - INFO - checkIfValidHelm result: False
2025-04-16 18:45:54,083 - INFO - isValidUserName() called with: 
2025-04-16 18:45:54,083 - INFO - isValidUserName result: False
2025-04-16 18:45:54,083 - INFO - isValidPasswordName() called with: None
2025-04-16 18:45:54,083 - INFO - checkIfValidSecret() called with: Gnbh5cM9f7
2025-04-16 18:45:54,083 - INFO - checkIfValidSecret result: False
2025-04-16 18:45:54,083 - INFO - checkIfWeirdYAML() called with: None
2025-04-16 18:45:54,084 - ERROR - Exception in checkIfWeirdYAML: argument of type 'NoneType' is not iterable
2025-04-16 18:45:54,084 - INFO - checkIfValidHelm() called with: script.py
2025-04-16 18:45:54,084 - INFO - checkIfValidHelm result: False
2025-04-16 18:45:54,084 - INFO - isValidUserName() called with: None
2025-04-16 18:45:54,084 - INFO - isValidPasswordName() called with: {}
2025-04-16 18:45:54,084 - INFO - checkIfValidSecret() called with: None
2025-04-16 18:45:54,084 - INFO - checkIfWeirdYAML() called with: None
2025-04-16 18:45:54,084 - ERROR - Exception in checkIfWeirdYAML: argument of type 'NoneType' is not iterable
2025-04-16 18:45:54,084 - INFO - checkIfValidHelm() called with: /chart/configs/deploy/values.yaml
2025-04-16 18:45:54,084 - INFO - checkIfValidHelm result: False
2025-04-16 18:45:54,085 - INFO - isValidUserName() called with: ywJdqilBX8
2025-04-16 18:45:54,085 - INFO - isValidUserName result: False
2025-04-16 18:45:54,085 - INFO - isValidPasswordName() called with: []
2025-04-16 18:45:54,085 - INFO - checkIfValidSecret() called with: None
2025-04-16 18:45:54,085 - INFO - checkIfWeirdYAML() called with: 12345
2025-04-16 18:45:54,085 - ERROR - Exception in checkIfWeirdYAML: argument of type 'int' is not iterable
2025-04-16 18:45:54,085 - INFO - checkIfValidHelm() called with: script.py
2025-04-16 18:45:54,085 - INFO - checkIfValidHelm result: False
2025-04-16 18:45:54,085 - INFO - isValidUserName() called with: 569rmHjJPN
2025-04-16 18:45:54,086 - INFO - isValidUserName result: False
2025-04-16 18:45:54,086 - INFO - isValidPasswordName() called with: 456
2025-04-16 18:45:54,086 - INFO - checkIfValidSecret() called with: 1234
2025-04-16 18:45:54,086 - INFO - checkIfWeirdYAML() called with: .github/workflows/config.yml
2025-04-16 18:45:54,086 - INFO - checkIfWeirdYAML result: False
2025-04-16 18:45:54,086 - INFO - checkIfValidHelm() called with: script.py
2025-04-16 18:45:54,086 - INFO - checkIfValidHelm result: False
2025-04-16 18:45:54,086 - INFO - isValidUserName() called with: 
2025-04-16 18:45:54,086 - INFO - isValidUserName result: False
2025-04-16 18:45:54,086 - INFO - isValidPasswordName() called with: Xf7JXL8mkv
2025-04-16 18:45:54,086 - INFO - isValidPasswordName result: False
2025-04-16 18:45:54,086 - INFO - checkIfValidSecret() called with: None
2025-04-16 18:45:54,087 - INFO - checkIfWeirdYAML() called with: 12345
2025-04-16 18:45:54,087 - ERROR - Exception in checkIfWeirdYAML: argument of type 'int' is not iterable
2025-04-16 18:45:54,087 - INFO - checkIfValidHelm() called with: script.py
2025-04-16 18:45:54,087 - INFO - checkIfValidHelm result: False
2025-04-16 18:45:54,087 - INFO - isValidUserName() called with: 
2025-04-16 18:45:54,087 - INFO - isValidUserName result: False
2025-04-16 18:45:54,087 - INFO - isValidPasswordName() called with: {}
2025-04-16 18:45:54,087 - INFO - checkIfValidSecret() called with: 
2025-04-16 18:45:54,087 - INFO - checkIfValidSecret result: False
2025-04-16 18:45:54,087 - INFO - checkIfWeirdYAML() called with: /my/app/config.yaml
2025-04-16 18:45:54,087 - INFO - checkIfWeirdYAML result: False
2025-04-16 18:45:54,087 - INFO - checkIfValidHelm() called with: /chart/configs/deploy/values.yaml
2025-04-16 18:45:54,087 - INFO - checkIfValidHelm result: False
2025-04-16 18:45:54,088 - INFO - isValidUserName() called with: 
2025-04-16 18:45:54,088 - INFO - isValidUserName result: False
2025-04-16 18:45:54,088 - INFO - isValidPasswordName() called with: []
2025-04-16 18:45:54,088 - INFO - checkIfValidSecret() called with: IzEnsvBxlp
2025-04-16 18:45:54,088 - INFO - checkIfValidSecret result: False
2025-04-16 18:45:54,088 - INFO - checkIfWeirdYAML() called with: .github/workflows/config.yml
2025-04-16 18:45:54,088 - INFO - checkIfWeirdYAML result: False
2025-04-16 18:45:54,088 - INFO - checkIfValidHelm() called with: /chart/configs/deploy/values.yaml
2025-04-16 18:45:54,088 - INFO - checkIfValidHelm result: False
2025-04-16 18:45:54,088 - INFO - isValidUserName() called with: True
2025-04-16 18:45:54,088 - INFO - isValidPasswordName() called with: pass
2025-04-16 18:45:54,088 - INFO - isValidPasswordName result: True
2025-04-16 18:45:54,088 - INFO - checkIfValidSecret() called with: 1234
2025-04-16 18:45:54,088 - INFO - checkIfWeirdYAML() called with: None
2025-04-16 18:45:54,088 - ERROR - Exception in checkIfWeirdYAML: argument of type 'NoneType' is not iterable
2025-04-16 18:45:54,089 - INFO - checkIfValidHelm() called with: services.yaml
2025-04-16 18:45:54,089 - INFO - checkIfValidHelm result: False
2025-04-16 18:45:54,089 - INFO - isValidUserName() called with: []
2025-04-16 18:45:54,089 - INFO - isValidPasswordName() called with: su5WLljBus
2025-04-16 18:45:54,089 - INFO - isValidPasswordName result: False
2025-04-16 18:45:54,089 - INFO - checkIfValidSecret() called with: 
2025-04-16 18:45:54,089 - INFO - checkIfValidSecret result: False
2025-04-16 18:45:54,089 - INFO - checkIfWeirdYAML() called with: 12345
2025-04-16 18:45:54,089 - ERROR - Exception in checkIfWeirdYAML: argument of type 'int' is not iterable
2025-04-16 18:45:54,089 - INFO - checkIfValidHelm() called with: None
2025-04-16 18:45:54,089 - ERROR - Exception in checkIfValidHelm: argument of type 'NoneType' is not iterable
2025-04-16 18:45:54,089 - INFO - isValidUserName() called with: True
2025-04-16 18:45:54,089 - INFO - isValidPasswordName() called with: False
2025-04-16 18:45:54,090 - INFO - checkIfValidSecret() called with: 1234
2025-04-16 18:45:54,090 - INFO - checkIfWeirdYAML() called with: .github/workflows/config.yml
2025-04-16 18:45:54,090 - INFO - checkIfWeirdYAML result: False
2025-04-16 18:45:54,090 - INFO - checkIfValidHelm() called with: charts/helm/values.yaml
2025-04-16 18:45:54,090 - INFO - checkIfValidHelm result: True
2025-04-16 18:45:54,090 - INFO - isValidUserName() called with: {}
2025-04-16 18:45:54,090 - INFO - isValidPasswordName() called with: pass
2025-04-16 18:45:54,090 - INFO - isValidPasswordName result: True
2025-04-16 18:45:54,090 - INFO - checkIfValidSecret() called with: WXXRvYnQCc
2025-04-16 18:45:54,090 - INFO - checkIfValidSecret result: False
2025-04-16 18:45:54,090 - INFO - checkIfWeirdYAML() called with: 12345
2025-04-16 18:45:54,091 - ERROR - Exception in checkIfWeirdYAML: argument of type 'int' is not iterable
2025-04-16 18:45:54,091 - INFO - checkIfValidHelm() called with: script.py
2025-04-16 18:45:54,091 - INFO - checkIfValidHelm result: False
2025-04-16 18:45:54,091 - INFO - isValidUserName() called with: 
2025-04-16 18:45:54,091 - INFO - isValidUserName result: False
2025-04-16 18:45:54,091 - INFO - isValidPasswordName() called with: 456
2025-04-16 18:45:54,091 - INFO - checkIfValidSecret() called with: 
2025-04-16 18:45:54,091 - INFO - checkIfValidSecret result: False
2025-04-16 18:45:54,091 - INFO - checkIfWeirdYAML() called with: None
2025-04-16 18:45:54,091 - ERROR - Exception in checkIfWeirdYAML: argument of type 'NoneType' is not iterable
2025-04-16 18:45:54,091 - INFO - checkIfValidHelm() called with: /chart/configs/deploy/values.yaml
2025-04-16 18:45:54,091 - INFO - checkIfValidHelm result: False
2025-04-16 18:45:54,092 - INFO - isValidUserName() called with: LLpH0Xjuca
2025-04-16 18:45:54,092 - INFO - isValidUserName result: False
2025-04-16 18:45:54,092 - INFO - isValidPasswordName() called with: wZHuiPFP6L
2025-04-16 18:45:54,092 - INFO - isValidPasswordName result: False
2025-04-16 18:45:54,092 - INFO - checkIfValidSecret() called with: 
2025-04-16 18:45:54,092 - INFO - checkIfValidSecret result: False
2025-04-16 18:45:54,092 - INFO - checkIfWeirdYAML() called with: None
2025-04-16 18:45:54,092 - ERROR - Exception in checkIfWeirdYAML: argument of type 'NoneType' is not iterable
2025-04-16 18:45:54,092 - INFO - checkIfValidHelm() called with: script.py
2025-04-16 18:45:54,092 - INFO - checkIfValidHelm result: False
2025-04-16 18:45:54,092 - INFO - isValidUserName() called with: 8JeOzkWFhW
2025-04-16 18:45:54,092 - INFO - isValidUserName result: False
2025-04-16 18:45:54,092 - INFO - isValidPasswordName() called with: {}
2025-04-16 18:45:54,092 - INFO - checkIfValidSecret() called with: admin
2025-04-16 18:45:54,092 - INFO - checkIfValidSecret result: True
2025-04-16 18:45:54,093 - INFO - checkIfWeirdYAML() called with: not_a_path
2025-04-16 18:45:54,093 - INFO - checkIfWeirdYAML result: False
2025-04-16 18:45:54,093 - INFO - checkIfValidHelm() called with: services.yaml
2025-04-16 18:45:54,093 - INFO - checkIfValidHelm result: False
2025-04-16 18:45:54,093 - INFO - isValidUserName() called with: []
2025-04-16 18:45:54,093 - INFO - isValidPasswordName() called with: False
2025-04-16 18:45:54,093 - INFO - checkIfValidSecret() called with: 1234
2025-04-16 18:45:54,093 - INFO - checkIfWeirdYAML() called with: not_a_path
2025-04-16 18:45:54,093 - INFO - checkIfWeirdYAML result: False
2025-04-16 18:45:54,093 - INFO - checkIfValidHelm() called with: None
2025-04-16 18:45:54,093 - ERROR - Exception in checkIfValidHelm: argument of type 'NoneType' is not iterable
2025-04-16 18:45:54,093 - INFO - isValidUserName() called with: True
2025-04-16 18:45:54,093 - INFO - isValidPasswordName() called with: 456
2025-04-16 18:45:54,094 - INFO - checkIfValidSecret() called with: m2hO1Z8XTj
2025-04-16 18:45:54,094 - INFO - checkIfValidSecret result: False
2025-04-16 18:45:54,094 - INFO - checkIfWeirdYAML() called with: not_a_path
2025-04-16 18:45:54,094 - INFO - checkIfWeirdYAML result: False
2025-04-16 18:45:54,094 - INFO - checkIfValidHelm() called with: script.py
2025-04-16 18:45:54,094 - INFO - checkIfValidHelm result: False
2025-04-16 18:45:54,094 - INFO - isValidUserName() called with: dQZd5RnwK1
2025-04-16 18:45:54,094 - INFO - isValidUserName result: False
2025-04-16 18:45:54,094 - INFO - isValidPasswordName() called with: JO74vGC1jz
2025-04-16 18:45:54,094 - INFO - isValidPasswordName result: False
2025-04-16 18:45:54,094 - INFO - checkIfValidSecret() called with: Q3mDOxYofR
2025-04-16 18:45:54,094 - INFO - checkIfValidSecret result: False
2025-04-16 18:45:54,094 - INFO - checkIfWeirdYAML() called with: 12345
2025-04-16 18:45:54,095 - ERROR - Exception in checkIfWeirdYAML: argument of type 'int' is not iterable
2025-04-16 18:45:54,095 - INFO - checkIfValidHelm() called with: script.py
2025-04-16 18:45:54,095 - INFO - checkIfValidHelm result: False
2025-04-16 18:45:54,095 - INFO - isValidUserName() called with: True
2025-04-16 18:45:54,095 - INFO - isValidPasswordName() called with: []
2025-04-16 18:45:54,095 - INFO - checkIfValidSecret() called with: 
2025-04-16 18:45:54,095 - INFO - checkIfValidSecret result: False
2025-04-16 18:45:54,095 - INFO - checkIfWeirdYAML() called with: not_a_path
2025-04-16 18:45:54,095 - INFO - checkIfWeirdYAML result: False
2025-04-16 18:45:54,095 - INFO - checkIfValidHelm() called with: script.py
2025-04-16 18:45:54,095 - INFO - checkIfValidHelm result: False
2025-04-16 18:45:54,095 - INFO - isValidUserName() called with: True
2025-04-16 18:45:54,096 - INFO - isValidPasswordName() called with: pass
2025-04-16 18:45:54,096 - INFO - isValidPasswordName result: True
2025-04-16 18:45:54,096 - INFO - checkIfValidSecret() called with:  
2025-04-16 18:45:54,096 - INFO - checkIfValidSecret result: False
2025-04-16 18:45:54,096 - INFO - checkIfWeirdYAML() called with: /my/app/config.yaml
2025-04-16 18:45:54,096 - INFO - checkIfWeirdYAML result: False
2025-04-16 18:45:54,096 - INFO - checkIfValidHelm() called with: /chart/configs/deploy/values.yaml
2025-04-16 18:45:54,096 - INFO - checkIfValidHelm result: False
2025-04-16 18:45:54,096 - INFO - isValidUserName() called with: True
2025-04-16 18:45:54,097 - INFO - isValidPasswordName() called with: {}
2025-04-16 18:45:54,097 - INFO - checkIfValidSecret() called with: 1234
2025-04-16 18:45:54,097 - INFO - checkIfWeirdYAML() called with: .github/workflows/config.yml
2025-04-16 18:45:54,097 - INFO - checkIfWeirdYAML result: False
2025-04-16 18:45:54,097 - INFO - checkIfValidHelm() called with: None
2025-04-16 18:45:54,097 - ERROR - Exception in checkIfValidHelm: argument of type 'NoneType' is not iterable
2025-04-16 18:45:54,097 - INFO - isValidUserName() called with: 123
2025-04-16 18:45:54,097 - INFO - isValidPasswordName() called with: ICCGFiFmHT
2025-04-16 18:45:54,097 - INFO - isValidPasswordName result: False
2025-04-16 18:45:54,098 - INFO - checkIfValidSecret() called with: 1234
2025-04-16 18:45:54,098 - INFO - checkIfWeirdYAML() called with: /my/app/config.yaml
2025-04-16 18:45:54,098 - INFO - checkIfWeirdYAML result: False
2025-04-16 18:45:54,098 - INFO - checkIfValidHelm() called with: services.yaml
2025-04-16 18:45:54,098 - INFO - checkIfValidHelm result: False
2025-04-16 18:45:54,098 - INFO - isValidUserName() called with: 
2025-04-16 18:45:54,098 - INFO - isValidUserName result: False
2025-04-16 18:45:54,098 - INFO - isValidPasswordName() called with: pass
2025-04-16 18:45:54,098 - INFO - isValidPasswordName result: True
2025-04-16 18:45:54,098 - INFO - checkIfValidSecret() called with: None
2025-04-16 18:45:54,098 - INFO - checkIfWeirdYAML() called with: .github/workflows/config.yml
2025-04-16 18:45:54,098 - INFO - checkIfWeirdYAML result: False
2025-04-16 18:45:54,098 - INFO - checkIfValidHelm() called with: 
2025-04-16 18:45:54,098 - INFO - checkIfValidHelm result: False
2025-04-16 18:45:54,098 - INFO - isValidUserName() called with: None
2025-04-16 18:45:54,098 - INFO - isValidPasswordName() called with: {}
2025-04-16 18:45:54,099 - INFO - checkIfValidSecret() called with: admin
2025-04-16 18:45:54,099 - INFO - checkIfValidSecret result: True
2025-04-16 18:45:54,099 - INFO - checkIfWeirdYAML() called with: .github/workflows/config.yml
2025-04-16 18:45:54,099 - INFO - checkIfWeirdYAML result: False
2025-04-16 18:45:54,099 - INFO - checkIfValidHelm() called with: script.py
2025-04-16 18:45:54,099 - INFO - checkIfValidHelm result: False
2025-04-16 18:45:54,099 - INFO - isValidUserName() called with: UWRHCfNrcB
2025-04-16 18:45:54,099 - INFO - isValidUserName result: False
2025-04-16 18:45:54,099 - INFO - isValidPasswordName() called with: {}
2025-04-16 18:45:54,099 - INFO - checkIfValidSecret() called with: admin
2025-04-16 18:45:54,099 - INFO - checkIfValidSecret result: True
2025-04-16 18:45:54,099 - INFO - checkIfWeirdYAML() called with: /my/app/config.yaml
2025-04-16 18:45:54,100 - INFO - checkIfWeirdYAML result: False
2025-04-16 18:45:54,100 - INFO - checkIfValidHelm() called with: charts/helm/values.yaml
2025-04-16 18:45:54,100 - INFO - checkIfValidHelm result: True
